App listening on the port 8000
✗ There was a problem loading Sky Torrents
✗ There was a problem loading The Pirate Bay
✗ There was a problem loading 1337x
✗ There was a problem loading Kickass
✗ There was a problem loading Eztv
✗ There was a problem loading LimeTorrents
✗ There was a problem loading Zooqle
[
  {
    fileName: 'Rick and Morty S04E04 480p x264-mSD [eztv]',
    seeders: 1,
    leechers: 21,
    uploaded: '4 months ago',
    size: '176.2 MB',
    length: 184759091.2,
    verified: true,
    link: 'https://torrentproject.cc/t3-4576491/Rick-and-Morty-S04E04-480p-x264-mSD-eztv-torrent.html',
    resolution: '480p',
    codec: 'x264',
    season: 4,
    episode: 4,
    title: 'Rick and Morty',
    score: 0.385,
    sourceName: 'TorrentProject'
  },
  {
    fileName: 'Rick and Morty S04E04 720p WEB H264-LucidTV [eztv]',
    seeders: 11,
    leechers: 0,
    uploaded: '4 months ago',
    size: '367.2 MB',
    length: 385037107.2,
    verified: true,
    link: 'https://torrentproject.cc/t3-4576200/Rick-and-Morty-S04E04-720p-WEB-H264-LucidTV-eztv-torrent.html',
    resolution: '720p',
    codec: 'h264',
    season: 4,
    episode: 4,
    title: 'Rick and Morty',
    score: 0.339,
    sourceName: 'TorrentProject'
  },
  {
    fileName: 'Rick.and.Morty.S04E04.720p.WEB.H264-LucidTV[ettv]',
    seeders: 3,
    leechers: 2,
    uploaded: '4 months ago',
    size: '386.9 MB',
    length: 405694054.4,
    verified: true,
    link: 'https://torrentproject.cc/t3-4576177/Rick-and-Morty-S04E04-720p-WEB-H264-LucidTV-ettv-torrent.html',
    resolution: '720p',
    codec: 'h264',
    group: 'LucidTV[ettv]',
    season: 4,
    episode: 4,
    title: 'Rick and Morty',
    score: 0.277,
    sourceName: 'TorrentProject'
  },
  {
    fileName: 'Rick and Morty S04E04 720p HEVC x265-MeGusta [eztv]',
    seeders: 22,
    leechers: 0,
    uploaded: '4 months ago',
    size: '288.5 MB',
    length: 302514176,
    verified: true,
    link: 'https://torrentproject.cc/t3-4576168/Rick-and-Morty-S04E04-720p-HEVC-x265-MeGusta-eztv-torrent.html',
    resolution: '720p',
    codec: 'hevc',
    season: 4,
    episode: 4,
    title: 'Rick and Morty',
    score: 0.333,
    sourceName: 'TorrentProject'
  },
  {
    fileName: 'Rick.and.Morty.S04E04.1080p.WEB.H264-LucidTV[ettv]',
    seeders: 4,
    leechers: 0,
    uploaded: '4 months ago',
    size: '936.8 MB',
    length: 982305996.8,
    verified: true,
    link: 'https://torrentproject.cc/t3-4576153/Rick-and-Morty-S04E04-1080p-WEB-H264-LucidTV-ettv-torrent.html',
    resolution: '1080p',
    codec: 'h264',
    group: 'LucidTV[ettv]',
    season: 4,
    episode: 4,
    title: 'Rick and Morty',
    score: 0.273,
    sourceName: 'TorrentProject'
  },
  {
    fileName: 'Rick.and.Morty.S04E04.XviD-AFG[TGx]',
    seeders: 1,
    leechers: 2,
    uploaded: '4 months ago',
    size: '291.5 MB',
    length: 305659904,
    verified: true,
    link: 'https://torrentproject.cc/t3-4576144/Rick-and-Morty-S04E04-XviD-AFG-TGx-torrent.html',
    source: 'xvid',
    codec: 'xvid',
    group: 'AFG[TGx]',
    season: 4,
    episode: 4,
    title: 'Rick and Morty',
    score: 0.353,
    sourceName: 'TorrentProject'
  },
  {
    fileName: 'Rick.and.Morty.S04E04.720p.WEB.H264-LucidTV[TGx]',
    seeders: 4,
    leechers: 1,
    uploaded: '3 months ago',
    size: '367.2 MB',
    length: 385037107.2,
    verified: true,
    link: 'https://torrentproject.cc/t3-4576136/Rick-and-Morty-S04E04-720p-WEB-H264-LucidTV-TGx-torrent.html',
    resolution: '720p',
    codec: 'h264',
    group: 'LucidTV[TGx]',
    season: 4,
    episode: 4,
    title: 'Rick and Morty',
    score: 0.281,
    sourceName: 'TorrentProject'
  },
  {
    fileName: 'Rick and Morty S04E04 1080p WEB H264-LucidTV [eztv]',
    seeders: 2,
    leechers: 230,
    uploaded: '4 months ago',
    size: '887.3 MB',
    length: 930401484.8,
    verified: true,
    link: 'https://torrentproject.cc/t3-4576126/Rick-and-Morty-S04E04-1080p-WEB-H264-LucidTV-eztv-torrent.html',
    resolution: '1080p',
    codec: 'h264',
    season: 4,
    episode: 4,
    title: 'Rick and Morty',
    score: 0.333,
    sourceName: 'TorrentProject'
  },
  {
    fileName: 'Rick.and.Morty.S04E04.1080p.WEB.H264-LucidTV[TGx]',
    seeders: 4,
    leechers: 3,
    uploaded: '4 months ago',
    size: '887.3 MB',
    length: 930401484.8,
    verified: true,
    link: 'https://torrentproject.cc/t3-4576123/Rick-and-Morty-S04E04-1080p-WEB-H264-LucidTV-TGx-torrent.html',
    resolution: '1080p',
    codec: 'h264',
    group: 'LucidTV[TGx]',
    season: 4,
    episode: 4,
    title: 'Rick and Morty',
    score: 0.277,
    sourceName: 'TorrentProject'
  },
  {
    fileName: 'Rick and Morty S04E04 (1080p AMZN WEB-DL x265 HEVC AI 10bit AAC 5...',
    seeders: 14,
    leechers: 1,
    uploaded: '8 months ago',
    size: '222.6 MB',
    length: 233413017.6,
    verified: true,
    link: 'https://torrentproject.cc/t3-4367933/Rick-and-Morty-S04E04-1080p-AMZN-WEB-DL-x265-HEVC-AI-10bit-AAC-5-1-Joy-UTR-torrent.html',
    resolution: '1080p',
    source: 'web-dl',
    codec: 'x265',
    audio: 'aac',
    season: 4,
    episode: 4,
    score: 25.278,
    title: 'Rick and Morty',
    sourceName: 'TorrentProject'
  },
  {
    fileName: 'Rick and Morty S04E04 (1080p AMZN WEB-DL x265 HEVC AI 10bit AAC 5...',
    seeders: 6,
    leechers: 0,
    uploaded: '8 months ago',
    size: '564.3 MB',
    length: 591711436.8,
    verified: true,
    link: 'https://torrentproject.cc/t3-4367932/Rick-and-Morty-S04E04-1080p-AMZN-WEB-DL-x265-HEVC-AI-10bit-AAC-5-1-Q18-Joy-UTR-torrent.html',
    resolution: '1080p',
    source: 'web-dl',
    codec: 'x265',
    audio: 'aac',
    season: 4,
    episode: 4,
    score: 25.278,
    title: 'Rick and Morty',
    sourceName: 'TorrentProject'
  },
  {
    fileName: 'Rick and Morty S04E04 (2160p AMZN WEB-DL x265 HEVC AI 10bit AAC 5...',
    seeders: 9,
    leechers: 1,
    uploaded: '8 months ago',
    size: '694.8 MB',
    length: 728550604.8,
    verified: true,
    link: 'https://torrentproject.cc/t3-4367930/Rick-and-Morty-S04E04-2160p-AMZN-WEB-DL-x265-HEVC-AI-10bit-AAC-5-1-Joy-UTR-torrent.html',
    resolution: '2160p',
    source: 'web-dl',
    codec: 'x265',
    audio: 'aac',
    season: 4,
    episode: 4,
    score: 25.278,
    title: 'Rick and Morty',
    sourceName: 'TorrentProject'
  },
  {
    fileName: 'Rick.and.Morty.S04E04.1080p.HDTV.H264-CREED[TGx]',
    seeders: 29,
    leechers: 1,
    uploaded: '11 months ago',
    size: '1.3 GB',
    length: 1395864371.2,
    verified: true,
    link: 'https://torrentproject.cc/t3-4192757/Rick-and-Morty-S04E04-1080p-HDTV-H264-CREED-TGx-torrent.html',
    resolution: '1080p',
    source: 'hdtv',
    codec: 'h264',
    group: 'CREED[TGx]',
    season: 4,
    episode: 4,
    score: 23.281,
    title: 'Rick and Morty',
    sourceName: 'TorrentProject'
  },
  {
    fileName: "Rick and Morty S04E04 - Claw and Hoarder: Special Ricktim's Morty...",
    seeders: 22,
    leechers: 2,
    uploaded: '11 months ago',
    size: '445.9 MB',
    length: 467560038.4,
    verified: false,
    link: 'https://torrentproject.cc/t3-4179065/Rick-and-Morty-S04E04-Claw-and-Hoarder-Special-Ricktim-s-Morty-1080p-x265-HEVC-10bit-AMZN-WEB-DL-AAC-5-1-Prof-torrent.html',
    season: 4,
    episode: 4,
    title: 'Rick and Morty',
    score: 0.27,
    sourceName: 'TorrentProject'
  },
  {
    fileName: 'Rick and Morty S04E04 - 1080p HD Uncensored (Dolby Digital 5.1 Au...',
    seeders: 146,
    leechers: 27,
    uploaded: '11 months ago',
    size: '334.3 MB',
    length: 350538956.8,
    verified: true,
    link: 'https://torrentproject.cc/t3-4175752/Rick-and-Morty-S04E04-1080p-HD-Uncensored-Dolby-Digital-5-1-Audio-with-ESub-torrent.html',
    resolution: '1080p',
    unrated: true,
    season: 4,
    episode: 4,
    title: 'Rick and Morty',
    score: 0.274,
    sourceName: 'TorrentProject'
  },
  {
    fileName: 'Rick and Morty S04E04 (1080p AMZN WEB-DL x265 HEVC 10bit AAC 5.1 ...',
    seeders: 18,
    leechers: 1,
    uploaded: '11 months ago',
    size: '223.5 MB',
    length: 234356736,
    verified: true,
    link: 'https://torrentproject.cc/t3-4174315/Rick-and-Morty-S04E04-1080p-AMZN-WEB-DL-x265-HEVC-10bit-AAC-5-1-Joy-UTR-torrent.html',
    resolution: '1080p',
    source: 'web-dl',
    codec: 'x265',
    audio: 'aac',
    season: 4,
    episode: 4,
    score: 25.278,
    title: 'Rick and Morty',
    sourceName: 'TorrentProject'
  },
  {
    fileName: 'Rick and Morty S04E04 Claw and Hoarder Special Ricktims Morty 720...',
    seeders: 267,
    leechers: 134,
    uploaded: '11 months ago',
    size: '322.2 MB',
    length: 337851187.2,
    verified: true,
    link: 'https://torrentproject.cc/t3-4174179/Rick-and-Morty-S04E04-Claw-and-Hoarder-Special-Ricktims-Morty-720p-AMZN-WEB-DL-DD-5-1-H-264-CtrlHD-eztv-torrent.html',
    season: 4,
    episode: 4,
    title: 'Rick and Morty',
    score: 0.27,
    sourceName: 'TorrentProject'
  },
  {
    fileName: 'Rick.and.Morty.S04E04.Claw.and.Hoarder.Special.Ricktims.Morty.REP...',
    seeders: 56,
    leechers: 2,
    uploaded: '11 months ago',
    size: '538.5 MB',
    length: 564658176,
    verified: true,
    link: 'https://torrentproject.cc/t3-4174142/Rick-and-Morty-S04E04-Claw-and-Hoarder-Special-Ricktims-Morty-REPACK-1080p-AMZN-WEB-DL-DD-5-1-H-264-CtrlHD-TGx-torrent.html',
    season: 4,
    episode: 4,
    title: 'Rick and Morty',
    score: 0.214,
    sourceName: 'TorrentProject'
  },
  {
    fileName: 'Rick.and.Morty.S04E04.Claw.and.Hoarder.Special.Ricktims.Morty.720...',
    seeders: 11,
    leechers: 2,
    uploaded: '11 months ago',
    size: '322.2 MB',
    length: 337851187.2,
    verified: true,
    link: 'https://torrentproject.cc/t3-4174133/Rick-and-Morty-S04E04-Claw-and-Hoarder-Special-Ricktims-Morty-720p-AMZN-WEB-DL-DD-5-1-H-264-CtrlHD-TGx-torrent.html',
    season: 4,
    episode: 4,
    title: 'Rick and Morty',
    score: 0.214,
    sourceName: 'TorrentProject'
  },
  {
    fileName: 'Rick.and.Morty.S04E04.Claw.and.Hoarder.Special.Ricktims.Morty.10',
    seeders: 78,
    leechers: 32,
    uploaded: '1 year ago',
    size: '652.86 MB',
    length: 684573327.36,
    verified: true,
    link: 'https://torrentproject.cc/t0-35168684/Rick.and.Morty.S04E04.Claw.and.Hoarder.Special.Ricktims.Morty.10-torrent.html',
    season: 4,
    episode: 4,
    title: 'Rick and Morty',
    score: 0.225,
    sourceName: 'TorrentProject'
  },
  {
    fileName: 'Rick and Morty S04E04 iNTERNAL XviD-AFG',
    seeders: 9,
    leechers: 0,
    uploaded: '1 year ago',
    size: '278.7 MB',
    length: 292238131.2,
    verified: true,
    link: 'https://torrentproject.cc/t0-35164554/Rick_and_Morty_S04E04_iNTERNAL_XviD-AFG-torrent.html',
    source: 'xvid',
    codec: 'xvid',
    group: 'AFG',
    season: 4,
    episode: 4,
    title: 'Rick and Morty',
    score: 0.4,
    sourceName: 'TorrentProject'
  },
  {
    fileName: 'Rick and Morty S04E04 iNTERNAL 480p x264-mSD',
    seeders: 5,
    leechers: 1,
    uploaded: '1 year ago',
    size: '87.46 MB',
    length: 91708456.96,
    verified: true,
    link: 'https://torrentproject.cc/t0-35164506/Rick_and_Morty_S04E04_iNTERNAL_480p_x264-mSD-torrent.html',
    resolution: '480p',
    codec: 'x264',
    group: 'mSD',
    season: 4,
    episode: 4,
    title: 'Rick and Morty',
    score: 0.37,
    sourceName: 'TorrentProject'
  },
  {
    fileName: 'Rick and Morty S04E04 iNTERNAL 720p WEBRip x264-BAMBOOZLE',
    seeders: 12,
    leechers: 2,
    uploaded: '1 year ago',
    size: '339.55 MB',
    length: 356043980.8,
    verified: true,
    link: 'https://torrentproject.cc/t0-35163806/Rick_and_Morty_S04E04_iNTERNAL_720p_WEBRip_x264-BAMBOOZLE-torrent.html',
    resolution: '720p',
    source: 'webrip',
    codec: 'x264',
    group: 'BAMBOOZLE',
    season: 4,
    episode: 4,
    score: 24.303,
    title: 'Rick and Morty',
    sourceName: 'TorrentProject'
  },
  {
    fileName: 'Rick.and.Morty.S04E04.1080p.HDTV.AAC5.1.x264-Rapta',
    seeders: 294,
    leechers: 111,
    uploaded: '1 year ago',
    size: '507.67 MB',
    length: 532330577.92,
    verified: true,
    link: 'https://torrentproject.cc/t0-35154785/Rick.and.Morty.S04E04.1080p.HDTV.AAC5.1.x264-Rapta-torrent.html',
    resolution: '1080p',
    source: 'hdtv',
    codec: 'x264',
    audio: 'aac',
    group: 'Rapta',
    season: 4,
    episode: 4,
    score: 23.273,
    title: 'Rick and Morty',
    sourceName: 'TorrentProject'
  },
  {
    fileName: 'Rick.and.Morty.S04E04.720p.HDTV.x265-MiNX[TGx]',
    seeders: 245,
    leechers: 47,
    uploaded: '1 year ago',
    size: '164.6 MB',
    length: 172595609.6,
    verified: true,
    link: 'https://torrentproject.cc/t0-35152083/Rick.and.Morty.S04E04.720p.HDTV.x265-MiNX[TGx]-torrent.html',
    resolution: '720p',
    source: 'hdtv',
    codec: 'x265',
    group: 'MiNX[TGx]',
    season: 4,
    episode: 4,
    score: 23.29,
    title: 'Rick and Morty',
    sourceName: 'TorrentProject'
  },
  {
    fileName: 'Rick.and.Morty.S04E04.Claw.and.Hoarder.Special.Ricktims.Morty.10',
    seeders: 1431,
    leechers: 313,
    uploaded: '1 year ago',
    size: '1013.23 MB',
    length: 1062448660.48,
    verified: true,
    link: 'https://torrentproject.cc/t0-35152045/Rick.and.Morty.S04E04.Claw.and.Hoarder.Special.Ricktims.Morty.10-torrent.html',
    season: 4,
    episode: 4,
    title: 'Rick and Morty',
    score: 0.225,
    sourceName: 'TorrentProject'
  },
  {
    fileName: 'Rick and Morty S04E04 Claw and Hoarder Special Ricktims Morty',
    seeders: 39,
    leechers: 3,
    uploaded: '1 year ago',
    size: '543.25 MB',
    length: 569638912,
    verified: true,
    link: 'https://torrentproject.cc/t0-35152037/Rick_and_Morty_S04E04_Claw_and_Hoarder_Special_Ricktims_Morty-torrent.html',
    season: 4,
    episode: 4,
    title: 'Rick and Morty',
    score: 0.294,
    sourceName: 'TorrentProject'
  },
  {
    fileName: 'Rick.and.Morty.S04E04.Claw.and.Hoarder.Special.Ricktims.Morty.Xv',
    seeders: 20,
    leechers: 25,
    uploaded: '1 year ago',
    size: '279.78 MB',
    length: 293370593.28,
    verified: true,
    link: 'https://torrentproject.cc/t0-35152036/Rick.and.Morty.S04E04.Claw.and.Hoarder.Special.Ricktims.Morty.Xv-torrent.html',
    season: 4,
    episode: 4,
    title: 'Rick and Morty',
    score: 0.225,
    sourceName: 'TorrentProject'
  },
  {
    fileName: 'Rick.and.Morty.S04E04.Claw.and.Hoarder.Special.Ricktims.Morty.72',
    seeders: 665,
    leechers: 136,
    uploaded: '1 year ago',
    size: '542.74 MB',
    length: 569104138.24,
    verified: true,
    link: 'https://torrentproject.cc/t0-35152026/Rick.and.Morty.S04E04.Claw.and.Hoarder.Special.Ricktims.Morty.72-torrent.html',
    season: 4,
    episode: 4,
    title: 'Rick and Morty',
    score: 0.225,
    sourceName: 'TorrentProject'
  },
  {
    fileName: 'Rick.and.Morty.S04E04.Claw.and.Hoarder.Special.Ricktims.Morty.HD',
    seeders: 4297,
    leechers: 1343,
    uploaded: '1 year ago',
    size: '156.77 MB',
    length: 164385259.52,
    verified: true,
    link: 'https://torrentproject.cc/t0-35152020/Rick.and.Morty.S04E04.Claw.and.Hoarder.Special.Ricktims.Morty.HD-torrent.html',
    season: 4,
    episode: 4,
    title: 'Rick and Morty',
    score: 0.225,
    sourceName: 'TorrentProject'
  }
]
